mode: atomic
github.com/datatogether/task_mgmt/middleware.go:9.13,16.2 2 1
github.com/datatogether/task_mgmt/middleware.go:19.60,21.54 1 0
github.com/datatogether/task_mgmt/middleware.go:21.54,28.26 2 0
github.com/datatogether/task_mgmt/middleware.go:37.3,44.16 2 0
github.com/datatogether/task_mgmt/middleware.go:28.26,29.51 1 0
github.com/datatogether/task_mgmt/middleware.go:29.51,34.5 4 0
github.com/datatogether/task_mgmt/middleware.go:116.61,127.2 4 0
github.com/datatogether/task_mgmt/repos.go:7.85,9.16 2 1
github.com/datatogether/task_mgmt/repos.go:13.2,13.36 1 1
github.com/datatogether/task_mgmt/repos.go:9.16,11.3 1 0
github.com/datatogether/task_mgmt/repos.go:16.65,20.18 4 1
github.com/datatogether/task_mgmt/repos.go:29.2,30.19 2 1
github.com/datatogether/task_mgmt/repos.go:20.18,22.46 2 1
github.com/datatogether/task_mgmt/repos.go:25.3,26.6 2 1
github.com/datatogether/task_mgmt/repos.go:22.46,24.4 1 0
github.com/datatogether/task_mgmt/transports.go:13.51,16.12 2 0
github.com/datatogether/task_mgmt/transports.go:20.2,31.12 4 0
github.com/datatogether/task_mgmt/transports.go:33.2,45.39 2 0
github.com/datatogether/task_mgmt/transports.go:16.12,18.3 1 0
github.com/datatogether/task_mgmt/transports.go:31.12,31.31 1 0
github.com/datatogether/task_mgmt/transports.go:49.22,51.16 2 0
github.com/datatogether/task_mgmt/transports.go:55.2,60.76 2 0
github.com/datatogether/task_mgmt/transports.go:66.2,66.26 1 0
github.com/datatogether/task_mgmt/transports.go:51.16,53.3 1 0
github.com/datatogether/task_mgmt/transports.go:60.76,64.4 3 0
github.com/datatogether/task_mgmt/redis.go:15.33,16.24 1 0
github.com/datatogether/task_mgmt/redis.go:20.2,20.51 1 0
github.com/datatogether/task_mgmt/redis.go:25.2,25.12 1 0
github.com/datatogether/task_mgmt/redis.go:16.24,18.3 1 0
github.com/datatogether/task_mgmt/redis.go:20.51,23.3 2 0
github.com/datatogether/task_mgmt/redis.go:28.65,29.17 1 0
github.com/datatogether/task_mgmt/redis.go:33.2,37.16 4 0
github.com/datatogether/task_mgmt/redis.go:42.2,43.12 2 0
github.com/datatogether/task_mgmt/redis.go:29.17,31.3 1 0
github.com/datatogether/task_mgmt/redis.go:37.16,39.3 1 0
github.com/datatogether/task_mgmt/repo.go:33.31,35.16 2 0
github.com/datatogether/task_mgmt/repo.go:38.2,39.19 2 0
github.com/datatogether/task_mgmt/repo.go:43.2,43.11 1 0
github.com/datatogether/task_mgmt/repo.go:35.16,37.3 1 0
github.com/datatogether/task_mgmt/repo.go:39.19,41.3 1 0
github.com/datatogether/task_mgmt/repo.go:46.30,48.16 2 0
github.com/datatogether/task_mgmt/repo.go:51.2,52.19 2 0
github.com/datatogether/task_mgmt/repo.go:56.2,56.11 1 0
github.com/datatogether/task_mgmt/repo.go:48.16,50.3 1 0
github.com/datatogether/task_mgmt/repo.go:52.19,54.3 1 0
github.com/datatogether/task_mgmt/repo.go:59.52,62.16 3 0
github.com/datatogether/task_mgmt/repo.go:65.2,67.37 2 0
github.com/datatogether/task_mgmt/repo.go:71.2,72.64 2 0
github.com/datatogether/task_mgmt/repo.go:76.2,76.63 1 0
github.com/datatogether/task_mgmt/repo.go:82.2,82.62 1 0
github.com/datatogether/task_mgmt/repo.go:62.16,64.3 1 0
github.com/datatogether/task_mgmt/repo.go:67.37,69.3 1 0
github.com/datatogether/task_mgmt/repo.go:72.64,74.3 1 0
github.com/datatogether/task_mgmt/repo.go:76.63,77.50 1 0
github.com/datatogether/task_mgmt/repo.go:77.50,79.4 1 0
github.com/datatogether/task_mgmt/repo.go:85.44,86.16 1 2
github.com/datatogether/task_mgmt/repo.go:89.2,89.57 1 1
github.com/datatogether/task_mgmt/repo.go:86.16,88.3 1 1
github.com/datatogether/task_mgmt/repo.go:92.48,94.46 2 1
github.com/datatogether/task_mgmt/repo.go:108.2,108.12 1 0
github.com/datatogether/task_mgmt/repo.go:94.46,100.3 5 1
github.com/datatogether/task_mgmt/repo.go:100.3,100.23 1 0
github.com/datatogether/task_mgmt/repo.go:100.23,102.3 1 0
github.com/datatogether/task_mgmt/repo.go:102.3,106.3 3 0
github.com/datatogether/task_mgmt/repo.go:111.50,114.2 2 1
github.com/datatogether/task_mgmt/repo.go:116.53,123.16 3 2
github.com/datatogether/task_mgmt/repo.go:130.2,139.12 2 2
github.com/datatogether/task_mgmt/repo.go:123.16,124.27 1 0
github.com/datatogether/task_mgmt/repo.go:127.3,127.13 1 0
github.com/datatogether/task_mgmt/repo.go:124.27,126.4 1 0
github.com/datatogether/task_mgmt/repo.go:142.40,151.2 1 1
github.com/datatogether/task_mgmt/server.go:29.13,35.2 3 1
github.com/datatogether/task_mgmt/server.go:37.13,40.16 3 0
github.com/datatogether/task_mgmt/server.go:44.2,51.16 6 0
github.com/datatogether/task_mgmt/server.go:55.2,72.14 5 0
github.com/datatogether/task_mgmt/server.go:40.16,42.67 1 0
github.com/datatogether/task_mgmt/server.go:51.16,52.21 1 0
github.com/datatogether/task_mgmt/server.go:77.39,95.2 10 0
github.com/datatogether/task_mgmt/server.go:97.21,99.82 2 0
github.com/datatogether/task_mgmt/server.go:102.2,105.16 3 0
github.com/datatogether/task_mgmt/server.go:108.2,108.22 1 0
github.com/datatogether/task_mgmt/server.go:112.2,116.3 2 0
github.com/datatogether/task_mgmt/server.go:99.82,100.13 1 0
github.com/datatogether/task_mgmt/server.go:105.16,107.3 1 0
github.com/datatogether/task_mgmt/server.go:108.22,110.3 1 0
github.com/datatogether/task_mgmt/accept_tasks.go:16.23,28.2 9 0
github.com/datatogether/task_mgmt/accept_tasks.go:33.48,35.23 2 0
github.com/datatogether/task_mgmt/accept_tasks.go:40.2,43.29 3 0
github.com/datatogether/task_mgmt/accept_tasks.go:54.2,54.17 1 0
github.com/datatogether/task_mgmt/accept_tasks.go:58.2,59.16 2 0
github.com/datatogether/task_mgmt/accept_tasks.go:63.2,71.16 2 0
github.com/datatogether/task_mgmt/accept_tasks.go:75.2,84.16 2 0
github.com/datatogether/task_mgmt/accept_tasks.go:88.2,88.12 1 0
github.com/datatogether/task_mgmt/accept_tasks.go:125.2,125.18 1 0
github.com/datatogether/task_mgmt/accept_tasks.go:35.23,38.3 2 0
github.com/datatogether/task_mgmt/accept_tasks.go:43.29,45.17 2 0
github.com/datatogether/task_mgmt/accept_tasks.go:50.3,50.8 1 0
github.com/datatogether/task_mgmt/accept_tasks.go:45.17,48.12 3 0
github.com/datatogether/task_mgmt/accept_tasks.go:54.17,56.3 1 0
github.com/datatogether/task_mgmt/accept_tasks.go:59.16,61.3 1 0
github.com/datatogether/task_mgmt/accept_tasks.go:71.16,73.3 1 0
github.com/datatogether/task_mgmt/accept_tasks.go:84.16,86.3 1 0
github.com/datatogether/task_mgmt/accept_tasks.go:88.12,89.25 1 0
github.com/datatogether/task_mgmt/accept_tasks.go:120.3,122.15 3 0
github.com/datatogether/task_mgmt/accept_tasks.go:89.25,92.18 2 0
github.com/datatogether/task_mgmt/accept_tasks.go:98.4,100.14 2 0
github.com/datatogether/task_mgmt/accept_tasks.go:108.4,109.45 2 0
github.com/datatogether/task_mgmt/accept_tasks.go:92.18,95.13 3 0
github.com/datatogether/task_mgmt/accept_tasks.go:100.14,101.23 1 0
github.com/datatogether/task_mgmt/accept_tasks.go:101.23,102.83 1 0
github.com/datatogether/task_mgmt/accept_tasks.go:102.83,104.7 1 0
github.com/datatogether/task_mgmt/accept_tasks.go:109.45,112.5 2 0
github.com/datatogether/task_mgmt/accept_tasks.go:112.5,115.5 2 0
github.com/datatogether/task_mgmt/handlers.go:14.59,16.18 2 0
github.com/datatogether/task_mgmt/handlers.go:17.14,18.27 1 0
github.com/datatogether/task_mgmt/handlers.go:19.13,20.25 1 0
github.com/datatogether/task_mgmt/handlers.go:21.10,22.24 1 0
github.com/datatogether/task_mgmt/handlers.go:26.65,28.58 2 0
github.com/datatogether/task_mgmt/handlers.go:35.2,35.23 1 0
github.com/datatogether/task_mgmt/handlers.go:65.2,65.54 1 0
github.com/datatogether/task_mgmt/handlers.go:71.2,71.66 1 0
github.com/datatogether/task_mgmt/handlers.go:28.58,32.3 3 0
github.com/datatogether/task_mgmt/handlers.go:35.23,38.39 3 0
github.com/datatogether/task_mgmt/handlers.go:43.3,44.42 2 0
github.com/datatogether/task_mgmt/handlers.go:49.3,49.13 1 0
github.com/datatogether/task_mgmt/handlers.go:61.3,62.9 2 0
github.com/datatogether/task_mgmt/handlers.go:38.39,41.4 2 0
github.com/datatogether/task_mgmt/handlers.go:44.42,47.4 2 0
github.com/datatogether/task_mgmt/handlers.go:49.13,51.14 2 0
github.com/datatogether/task_mgmt/handlers.go:56.4,56.22 1 0
github.com/datatogether/task_mgmt/handlers.go:51.14,52.46 1 0
github.com/datatogether/task_mgmt/handlers.go:52.46,54.6 1 0
github.com/datatogether/task_mgmt/handlers.go:56.22,58.5 1 0
github.com/datatogether/task_mgmt/handlers.go:65.54,69.3 3 0
github.com/datatogether/task_mgmt/handlers.go:74.58,75.18 1 0
github.com/datatogether/task_mgmt/handlers.go:76.13,77.24 1 0
github.com/datatogether/task_mgmt/handlers.go:78.14,79.27 1 0
github.com/datatogether/task_mgmt/handlers.go:80.10,81.24 1 0
github.com/datatogether/task_mgmt/handlers.go:85.62,89.38 2 0
github.com/datatogether/task_mgmt/handlers.go:94.2,94.29 1 0
github.com/datatogether/task_mgmt/handlers.go:89.38,92.3 2 0
github.com/datatogether/task_mgmt/handlers.go:97.68,106.54 2 0
github.com/datatogether/task_mgmt/handlers.go:112.2,112.66 1 0
github.com/datatogether/task_mgmt/handlers.go:106.54,110.3 3 0
github.com/datatogether/task_mgmt/handlers.go:115.60,118.2 2 0
github.com/datatogether/task_mgmt/handlers.go:120.62,122.2 1 0
github.com/datatogether/task_mgmt/handlers.go:124.63,127.16 3 0
github.com/datatogether/task_mgmt/handlers.go:133.2,133.40 1 0
github.com/datatogether/task_mgmt/handlers.go:127.16,131.3 3 0
github.com/datatogether/task_mgmt/handlers.go:137.64,152.2 0 0
github.com/datatogether/task_mgmt/handlers.go:157.65,160.2 2 0
github.com/datatogether/task_mgmt/handlers.go:164.61,166.2 1 0
github.com/datatogether/task_mgmt/handlers.go:169.61,171.2 1 0
github.com/datatogether/task_mgmt/handlers.go:173.62,176.2 2 0
github.com/datatogether/task_mgmt/config.go:59.55,62.51 2 1
github.com/datatogether/task_mgmt/config.go:74.2,74.20 1 1
github.com/datatogether/task_mgmt/config.go:78.2,84.26 2 1
github.com/datatogether/task_mgmt/config.go:88.2,88.8 1 1
github.com/datatogether/task_mgmt/config.go:62.51,64.46 2 1
github.com/datatogether/task_mgmt/config.go:64.46,66.4 1 0
github.com/datatogether/task_mgmt/config.go:67.3,68.40 1 0
github.com/datatogether/task_mgmt/config.go:68.40,70.4 1 0
github.com/datatogether/task_mgmt/config.go:74.20,76.3 1 1
github.com/datatogether/task_mgmt/config.go:84.26,86.3 1 0
github.com/datatogether/task_mgmt/config.go:91.38,93.2 1 1
github.com/datatogether/task_mgmt/config.go:96.59,97.33 1 1
github.com/datatogether/task_mgmt/config.go:103.2,103.12 1 1
github.com/datatogether/task_mgmt/config.go:97.33,98.18 1 2
github.com/datatogether/task_mgmt/config.go:98.18,100.4 1 0
github.com/datatogether/task_mgmt/config.go:108.54,110.27 2 1
github.com/datatogether/task_mgmt/config.go:116.2,116.17 1 1
github.com/datatogether/task_mgmt/config.go:110.27,112.28 2 0
github.com/datatogether/task_mgmt/config.go:112.28,114.4 1 0
github.com/datatogether/task_mgmt/config.go:120.35,123.2 2 1
github.com/datatogether/task_mgmt/config.go:126.24,128.2 0 0
github.com/datatogether/task_mgmt/postgres.go:29.23,32.16 3 0
github.com/datatogether/task_mgmt/postgres.go:32.16,34.3 1 0
github.com/datatogether/task_mgmt/postgres.go:38.65,40.16 2 1
github.com/datatogether/task_mgmt/postgres.go:43.2,43.33 1 1
github.com/datatogether/task_mgmt/postgres.go:46.2,46.8 1 1
github.com/datatogether/task_mgmt/postgres.go:40.16,42.3 1 0
github.com/datatogether/task_mgmt/postgres.go:43.33,45.3 1 0
github.com/datatogether/task_mgmt/rpc.go:14.30,17.23 2 0
github.com/datatogether/task_mgmt/rpc.go:22.2,26.51 2 0
github.com/datatogether/task_mgmt/rpc.go:35.2,35.28 1 0
github.com/datatogether/task_mgmt/rpc.go:46.2,48.12 3 0
github.com/datatogether/task_mgmt/rpc.go:17.23,20.3 2 0
github.com/datatogether/task_mgmt/rpc.go:26.51,29.3 2 0
github.com/datatogether/task_mgmt/rpc.go:35.28,37.17 2 0
github.com/datatogether/task_mgmt/rpc.go:43.3,43.8 1 0
github.com/datatogether/task_mgmt/rpc.go:37.17,40.12 3 0
